{"D:\\study\\project\\stellar-burgers\\src\\services\\slices\\ingredientsSlice.ts": {"path":"D:\\study\\project\\stellar-burgers\\src\\services\\slices\\ingredientsSlice.ts","statementMap":{"0":{"start":{"line":5,"column":32},"end":{"line":8,"column":1}},"1":{"start":{"line":16,"column":50},"end":{"line":20,"column":1}},"2":{"start":{"line":22,"column":25},"end":{"line":48,"column":2}},"3":{"start":{"line":27,"column":4},"end":{"line":41,"column":8}},"4":{"start":{"line":29,"column":8},"end":{"line":29,"column":31}},"5":{"start":{"line":30,"column":8},"end":{"line":30,"column":31}},"6":{"start":{"line":33,"column":8},"end":{"line":33,"column":32}},"7":{"start":{"line":34,"column":8},"end":{"line":34,"column":43}},"8":{"start":{"line":35,"column":8},"end":{"line":35,"column":31}},"9":{"start":{"line":38,"column":8},"end":{"line":38,"column":32}},"10":{"start":{"line":39,"column":8},"end":{"line":39,"column":32}},"11":{"start":{"line":40,"column":8},"end":{"line":40,"column":28}},"12":{"start":{"line":44,"column":31},"end":{"line":44,"column":48}},"13":{"start":{"line":45,"column":33},"end":{"line":45,"column":48}},"14":{"start":{"line":46,"column":33},"end":{"line":46,"column":48}},"15":{"start":{"line":50,"column":32},"end":{"line":50,"column":56}},"16":{"start":{"line":52,"column":2},"end":{"line":52,"column":28}}},"fnMap":{"0":{"name":"(anonymous_0)","decl":{"start":{"line":26,"column":17},"end":{"line":26,"column":18}},"loc":{"start":{"line":26,"column":30},"end":{"line":42,"column":3}},"line":26},"1":{"name":"(anonymous_1)","decl":{"start":{"line":28,"column":41},"end":{"line":28,"column":42}},"loc":{"start":{"line":28,"column":52},"end":{"line":31,"column":7}},"line":28},"2":{"name":"(anonymous_2)","decl":{"start":{"line":32,"column":43},"end":{"line":32,"column":44}},"loc":{"start":{"line":32,"column":62},"end":{"line":36,"column":7}},"line":32},"3":{"name":"(anonymous_3)","decl":{"start":{"line":37,"column":42},"end":{"line":37,"column":43}},"loc":{"start":{"line":37,"column":61},"end":{"line":41,"column":7}},"line":37},"4":{"name":"(anonymous_4)","decl":{"start":{"line":44,"column":20},"end":{"line":44,"column":21}},"loc":{"start":{"line":44,"column":31},"end":{"line":44,"column":48}},"line":44},"5":{"name":"(anonymous_5)","decl":{"start":{"line":45,"column":22},"end":{"line":45,"column":23}},"loc":{"start":{"line":45,"column":33},"end":{"line":45,"column":48}},"line":45},"6":{"name":"(anonymous_6)","decl":{"start":{"line":46,"column":22},"end":{"line":46,"column":23}},"loc":{"start":{"line":46,"column":33},"end":{"line":46,"column":48}},"line":46}},"branchMap":{},"s":{"0":1,"1":1,"2":1,"3":1,"4":1,"5":1,"6":1,"7":1,"8":1,"9":0,"10":0,"11":0,"12":0,"13":0,"14":0,"15":1,"16":1},"f":{"0":1,"1":1,"2":1,"3":0,"4":0,"5":0,"6":0},"b":{},"_coverageSchema":"1a1c01bbd47fc00a2c39e90264f33305004495a9","hash":"2e3e1a8a01a88e4de94801f6381af6343879843d"}
,"D:\\study\\project\\stellar-burgers\\src\\services\\slices\\ordersSlice.ts": {"path":"D:\\study\\project\\stellar-burgers\\src\\services\\slices\\ordersSlice.ts","statementMap":{"0":{"start":{"line":5,"column":27},"end":{"line":8,"column":1}},"1":{"start":{"line":10,"column":31},"end":{"line":13,"column":1}},"2":{"start":{"line":15,"column":30},"end":{"line":21,"column":1}},"3":{"start":{"line":18,"column":22},"end":{"line":18,"column":48}},"4":{"start":{"line":19,"column":8},"end":{"line":19,"column":21}},"5":{"start":{"line":23,"column":30},"end":{"line":29,"column":1}},"6":{"start":{"line":26,"column":22},"end":{"line":26,"column":51}},"7":{"start":{"line":27,"column":8},"end":{"line":27,"column":21}},"8":{"start":{"line":51,"column":46},"end":{"line":69,"column":1}},"9":{"start":{"line":71,"column":20},"end":{"line":185,"column":2}},"10":{"start":{"line":76,"column":12},"end":{"line":76,"column":40}},"11":{"start":{"line":77,"column":12},"end":{"line":80,"column":13}},"12":{"start":{"line":83,"column":12},"end":{"line":83,"column":49}},"13":{"start":{"line":87,"column":16},"end":{"line":89,"column":70}},"14":{"start":{"line":92,"column":27},"end":{"line":92,"column":35}},"15":{"start":{"line":93,"column":16},"end":{"line":93,"column":57}},"16":{"start":{"line":97,"column":32},"end":{"line":97,"column":63}},"17":{"start":{"line":98,"column":38},"end":{"line":100,"column":14}},"18":{"start":{"line":99,"column":16},"end":{"line":99,"column":55}},"19":{"start":{"line":101,"column":12},"end":{"line":101,"column":64}},"20":{"start":{"line":104,"column":42},"end":{"line":104,"column":73}},"21":{"start":{"line":106,"column":39},"end":{"line":106,"column":86}},"22":{"start":{"line":107,"column":12},"end":{"line":107,"column":113}},"23":{"start":{"line":108,"column":12},"end":{"line":108,"column":84}},"24":{"start":{"line":110,"column":12},"end":{"line":110,"column":68}},"25":{"start":{"line":114,"column":8},"end":{"line":170,"column":10}},"26":{"start":{"line":116,"column":12},"end":{"line":116,"column":35}},"27":{"start":{"line":119,"column":12},"end":{"line":119,"column":36}},"28":{"start":{"line":120,"column":12},"end":{"line":120,"column":49}},"29":{"start":{"line":121,"column":12},"end":{"line":121,"column":47}},"30":{"start":{"line":122,"column":12},"end":{"line":122,"column":57}},"31":{"start":{"line":123,"column":12},"end":{"line":123,"column":35}},"32":{"start":{"line":126,"column":12},"end":{"line":126,"column":36}},"33":{"start":{"line":127,"column":12},"end":{"line":127,"column":34}},"34":{"start":{"line":128,"column":12},"end":{"line":128,"column":36}},"35":{"start":{"line":132,"column":12},"end":{"line":132,"column":35}},"36":{"start":{"line":135,"column":12},"end":{"line":135,"column":36}},"37":{"start":{"line":136,"column":12},"end":{"line":136,"column":46}},"38":{"start":{"line":137,"column":12},"end":{"line":137,"column":35}},"39":{"start":{"line":140,"column":12},"end":{"line":140,"column":36}},"40":{"start":{"line":141,"column":12},"end":{"line":141,"column":36}},"41":{"start":{"line":145,"column":12},"end":{"line":145,"column":40}},"42":{"start":{"line":148,"column":12},"end":{"line":148,"column":41}},"43":{"start":{"line":149,"column":12},"end":{"line":149,"column":57}},"44":{"start":{"line":150,"column":12},"end":{"line":150,"column":54}},"45":{"start":{"line":152,"column":12},"end":{"line":152,"column":35}},"46":{"start":{"line":155,"column":12},"end":{"line":155,"column":41}},"47":{"start":{"line":156,"column":12},"end":{"line":156,"column":36}},"48":{"start":{"line":160,"column":12},"end":{"line":160,"column":35}},"49":{"start":{"line":163,"column":12},"end":{"line":163,"column":36}},"50":{"start":{"line":164,"column":12},"end":{"line":164,"column":55}},"51":{"start":{"line":165,"column":12},"end":{"line":165,"column":35}},"52":{"start":{"line":168,"column":12},"end":{"line":168,"column":36}},"53":{"start":{"line":169,"column":12},"end":{"line":169,"column":36}},"54":{"start":{"line":173,"column":33},"end":{"line":173,"column":45}},"55":{"start":{"line":174,"column":34},"end":{"line":174,"column":50}},"56":{"start":{"line":175,"column":37},"end":{"line":175,"column":56}},"57":{"start":{"line":176,"column":33},"end":{"line":176,"column":48}},"58":{"start":{"line":177,"column":29},"end":{"line":177,"column":40}},"59":{"start":{"line":178,"column":34},"end":{"line":178,"column":50}},"60":{"start":{"line":179,"column":36},"end":{"line":179,"column":54}},"61":{"start":{"line":180,"column":38},"end":{"line":180,"column":58}},"62":{"start":{"line":181,"column":37},"end":{"line":181,"column":52}},"63":{"start":{"line":182,"column":37},"end":{"line":182,"column":52}},"64":{"start":{"line":183,"column":42},"end":{"line":183,"column":62}},"65":{"start":{"line":187,"column":101},"end":{"line":187,"column":120}},"66":{"start":{"line":188,"column":199},"end":{"line":188,"column":220}}},"fnMap":{"0":{"name":"(anonymous_0)","decl":{"start":{"line":17,"column":4},"end":{"line":17,"column":5}},"loc":{"start":{"line":17,"column":30},"end":{"line":20,"column":5}},"line":17},"1":{"name":"(anonymous_1)","decl":{"start":{"line":25,"column":4},"end":{"line":25,"column":5}},"loc":{"start":{"line":25,"column":26},"end":{"line":28,"column":5}},"line":25},"2":{"name":"(anonymous_2)","decl":{"start":{"line":75,"column":20},"end":{"line":75,"column":21}},"loc":{"start":{"line":75,"column":31},"end":{"line":81,"column":9}},"line":75},"3":{"name":"(anonymous_3)","decl":{"start":{"line":82,"column":27},"end":{"line":82,"column":28}},"loc":{"start":{"line":82,"column":69},"end":{"line":84,"column":9}},"line":82},"4":{"name":"(anonymous_4)","decl":{"start":{"line":86,"column":21},"end":{"line":86,"column":22}},"loc":{"start":{"line":86,"column":79},"end":{"line":90,"column":13}},"line":86},"5":{"name":"(anonymous_5)","decl":{"start":{"line":91,"column":21},"end":{"line":91,"column":22}},"loc":{"start":{"line":91,"column":50},"end":{"line":94,"column":13}},"line":91},"6":{"name":"(anonymous_6)","decl":{"start":{"line":96,"column":26},"end":{"line":96,"column":27}},"loc":{"start":{"line":96,"column":68},"end":{"line":102,"column":9}},"line":96},"7":{"name":"(anonymous_7)","decl":{"start":{"line":98,"column":57},"end":{"line":98,"column":58}},"loc":{"start":{"line":98,"column":73},"end":{"line":100,"column":13}},"line":98},"8":{"name":"(anonymous_8)","decl":{"start":{"line":103,"column":27},"end":{"line":103,"column":28}},"loc":{"start":{"line":103,"column":104},"end":{"line":111,"column":9}},"line":103},"9":{"name":"(anonymous_9)","decl":{"start":{"line":113,"column":19},"end":{"line":113,"column":20}},"loc":{"start":{"line":113,"column":32},"end":{"line":171,"column":5}},"line":113},"10":{"name":"(anonymous_10)","decl":{"start":{"line":115,"column":38},"end":{"line":115,"column":39}},"loc":{"start":{"line":115,"column":49},"end":{"line":117,"column":9}},"line":115},"11":{"name":"(anonymous_11)","decl":{"start":{"line":118,"column":40},"end":{"line":118,"column":41}},"loc":{"start":{"line":118,"column":59},"end":{"line":124,"column":9}},"line":118},"12":{"name":"(anonymous_12)","decl":{"start":{"line":125,"column":39},"end":{"line":125,"column":40}},"loc":{"start":{"line":125,"column":58},"end":{"line":129,"column":9}},"line":125},"13":{"name":"(anonymous_13)","decl":{"start":{"line":131,"column":42},"end":{"line":131,"column":43}},"loc":{"start":{"line":131,"column":53},"end":{"line":133,"column":9}},"line":131},"14":{"name":"(anonymous_14)","decl":{"start":{"line":134,"column":44},"end":{"line":134,"column":45}},"loc":{"start":{"line":134,"column":63},"end":{"line":138,"column":9}},"line":134},"15":{"name":"(anonymous_15)","decl":{"start":{"line":139,"column":43},"end":{"line":139,"column":44}},"loc":{"start":{"line":139,"column":54},"end":{"line":142,"column":9}},"line":139},"16":{"name":"(anonymous_16)","decl":{"start":{"line":144,"column":41},"end":{"line":144,"column":42}},"loc":{"start":{"line":144,"column":52},"end":{"line":146,"column":9}},"line":144},"17":{"name":"(anonymous_17)","decl":{"start":{"line":147,"column":43},"end":{"line":147,"column":44}},"loc":{"start":{"line":147,"column":62},"end":{"line":153,"column":9}},"line":147},"18":{"name":"(anonymous_18)","decl":{"start":{"line":154,"column":42},"end":{"line":154,"column":43}},"loc":{"start":{"line":154,"column":53},"end":{"line":157,"column":9}},"line":154},"19":{"name":"(anonymous_19)","decl":{"start":{"line":159,"column":41},"end":{"line":159,"column":42}},"loc":{"start":{"line":159,"column":52},"end":{"line":161,"column":9}},"line":159},"20":{"name":"(anonymous_20)","decl":{"start":{"line":162,"column":43},"end":{"line":162,"column":44}},"loc":{"start":{"line":162,"column":62},"end":{"line":166,"column":9}},"line":162},"21":{"name":"(anonymous_21)","decl":{"start":{"line":167,"column":42},"end":{"line":167,"column":43}},"loc":{"start":{"line":167,"column":61},"end":{"line":170,"column":9}},"line":167},"22":{"name":"(anonymous_22)","decl":{"start":{"line":173,"column":22},"end":{"line":173,"column":23}},"loc":{"start":{"line":173,"column":33},"end":{"line":173,"column":45}},"line":173},"23":{"name":"(anonymous_23)","decl":{"start":{"line":174,"column":23},"end":{"line":174,"column":24}},"loc":{"start":{"line":174,"column":34},"end":{"line":174,"column":50}},"line":174},"24":{"name":"(anonymous_24)","decl":{"start":{"line":175,"column":26},"end":{"line":175,"column":27}},"loc":{"start":{"line":175,"column":37},"end":{"line":175,"column":56}},"line":175},"25":{"name":"(anonymous_25)","decl":{"start":{"line":176,"column":22},"end":{"line":176,"column":23}},"loc":{"start":{"line":176,"column":33},"end":{"line":176,"column":48}},"line":176},"26":{"name":"(anonymous_26)","decl":{"start":{"line":177,"column":18},"end":{"line":177,"column":19}},"loc":{"start":{"line":177,"column":29},"end":{"line":177,"column":40}},"line":177},"27":{"name":"(anonymous_27)","decl":{"start":{"line":178,"column":23},"end":{"line":178,"column":24}},"loc":{"start":{"line":178,"column":34},"end":{"line":178,"column":50}},"line":178},"28":{"name":"(anonymous_28)","decl":{"start":{"line":179,"column":25},"end":{"line":179,"column":26}},"loc":{"start":{"line":179,"column":36},"end":{"line":179,"column":54}},"line":179},"29":{"name":"(anonymous_29)","decl":{"start":{"line":180,"column":27},"end":{"line":180,"column":28}},"loc":{"start":{"line":180,"column":38},"end":{"line":180,"column":58}},"line":180},"30":{"name":"(anonymous_30)","decl":{"start":{"line":181,"column":26},"end":{"line":181,"column":27}},"loc":{"start":{"line":181,"column":37},"end":{"line":181,"column":52}},"line":181},"31":{"name":"(anonymous_31)","decl":{"start":{"line":182,"column":26},"end":{"line":182,"column":27}},"loc":{"start":{"line":182,"column":37},"end":{"line":182,"column":52}},"line":182},"32":{"name":"(anonymous_32)","decl":{"start":{"line":183,"column":31},"end":{"line":183,"column":32}},"loc":{"start":{"line":183,"column":42},"end":{"line":183,"column":62}},"line":183}},"branchMap":{"0":{"loc":{"start":{"line":87,"column":16},"end":{"line":89,"column":70}},"type":"cond-expr","locations":[{"start":{"line":88,"column":18},"end":{"line":88,"column":58}},{"start":{"line":89,"column":18},"end":{"line":89,"column":70}}],"line":87}},"s":{"0":1,"1":1,"2":1,"3":0,"4":0,"5":1,"6":0,"7":0,"8":1,"9":1,"10":0,"11":0,"12":0,"13":0,"14":0,"15":0,"16":0,"17":0,"18":0,"19":0,"20":0,"21":0,"22":0,"23":0,"24":0,"25":1,"26":1,"27":1,"28":1,"29":1,"30":1,"31":1,"32":0,"33":0,"34":0,"35":1,"36":1,"37":1,"38":1,"39":0,"40":0,"41":1,"42":1,"43":1,"44":1,"45":1,"46":0,"47":0,"48":1,"49":1,"50":1,"51":1,"52":0,"53":0,"54":0,"55":0,"56":0,"57":0,"58":0,"59":0,"60":0,"61":0,"62":0,"63":0,"64":0,"65":1,"66":1},"f":{"0":0,"1":0,"2":0,"3":0,"4":0,"5":0,"6":0,"7":0,"8":0,"9":1,"10":1,"11":1,"12":0,"13":1,"14":1,"15":0,"16":1,"17":1,"18":0,"19":1,"20":1,"21":0,"22":0,"23":0,"24":0,"25":0,"26":0,"27":0,"28":0,"29":0,"30":0,"31":0,"32":0},"b":{"0":[0,0]},"_coverageSchema":"1a1c01bbd47fc00a2c39e90264f33305004495a9","hash":"2cdc0ad0ee8423c9053e43131e684ae0f4371b7d"}
,"D:\\study\\project\\stellar-burgers\\src\\services\\slices\\userSlice.ts": {"path":"D:\\study\\project\\stellar-burgers\\src\\services\\slices\\userSlice.ts","statementMap":{"0":{"start":{"line":6,"column":26},"end":{"line":9,"column":1}},"1":{"start":{"line":11,"column":28},"end":{"line":17,"column":1}},"2":{"start":{"line":14,"column":21},"end":{"line":14,"column":69}},"3":{"start":{"line":15,"column":8},"end":{"line":15,"column":20}},"4":{"start":{"line":19,"column":25},"end":{"line":25,"column":1}},"5":{"start":{"line":22,"column":21},"end":{"line":22,"column":60}},"6":{"start":{"line":23,"column":8},"end":{"line":23,"column":20}},"7":{"start":{"line":27,"column":25},"end":{"line":30,"column":1}},"8":{"start":{"line":32,"column":26},"end":{"line":38,"column":1}},"9":{"start":{"line":35,"column":21},"end":{"line":35,"column":46}},"10":{"start":{"line":36,"column":8},"end":{"line":36,"column":20}},"11":{"start":{"line":51,"column":44},"end":{"line":63,"column":1}},"12":{"start":{"line":65,"column":18},"end":{"line":160,"column":2}},"13":{"start":{"line":70,"column":8},"end":{"line":150,"column":10}},"14":{"start":{"line":73,"column":12},"end":{"line":73,"column":35}},"15":{"start":{"line":76,"column":12},"end":{"line":76,"column":41}},"16":{"start":{"line":79,"column":12},"end":{"line":79,"column":40}},"17":{"start":{"line":80,"column":12},"end":{"line":80,"column":52}},"18":{"start":{"line":81,"column":12},"end":{"line":81,"column":42}},"19":{"start":{"line":82,"column":12},"end":{"line":85,"column":13}},"20":{"start":{"line":86,"column":12},"end":{"line":86,"column":42}},"21":{"start":{"line":90,"column":12},"end":{"line":90,"column":35}},"22":{"start":{"line":93,"column":12},"end":{"line":93,"column":36}},"23":{"start":{"line":96,"column":12},"end":{"line":96,"column":45}},"24":{"start":{"line":97,"column":12},"end":{"line":97,"column":41}},"25":{"start":{"line":98,"column":12},"end":{"line":98,"column":36}},"26":{"start":{"line":99,"column":12},"end":{"line":99,"column":69}},"27":{"start":{"line":100,"column":12},"end":{"line":100,"column":67}},"28":{"start":{"line":104,"column":12},"end":{"line":104,"column":45}},"29":{"start":{"line":105,"column":12},"end":{"line":105,"column":35}},"30":{"start":{"line":108,"column":12},"end":{"line":108,"column":36}},"31":{"start":{"line":109,"column":12},"end":{"line":109,"column":41}},"32":{"start":{"line":112,"column":12},"end":{"line":112,"column":45}},"33":{"start":{"line":113,"column":12},"end":{"line":113,"column":41}},"34":{"start":{"line":114,"column":12},"end":{"line":114,"column":36}},"35":{"start":{"line":115,"column":12},"end":{"line":115,"column":69}},"36":{"start":{"line":116,"column":12},"end":{"line":116,"column":67}},"37":{"start":{"line":120,"column":12},"end":{"line":120,"column":45}},"38":{"start":{"line":121,"column":12},"end":{"line":121,"column":35}},"39":{"start":{"line":124,"column":12},"end":{"line":124,"column":56}},"40":{"start":{"line":125,"column":12},"end":{"line":125,"column":36}},"41":{"start":{"line":126,"column":12},"end":{"line":126,"column":41}},"42":{"start":{"line":127,"column":12},"end":{"line":127,"column":42}},"43":{"start":{"line":130,"column":12},"end":{"line":130,"column":45}},"44":{"start":{"line":131,"column":12},"end":{"line":131,"column":36}},"45":{"start":{"line":132,"column":12},"end":{"line":132,"column":40}},"46":{"start":{"line":133,"column":12},"end":{"line":133,"column":65}},"47":{"start":{"line":134,"column":12},"end":{"line":134,"column":78}},"48":{"start":{"line":138,"column":12},"end":{"line":138,"column":48}},"49":{"start":{"line":139,"column":12},"end":{"line":139,"column":35}},"50":{"start":{"line":142,"column":12},"end":{"line":142,"column":59}},"51":{"start":{"line":143,"column":12},"end":{"line":143,"column":36}},"52":{"start":{"line":144,"column":12},"end":{"line":144,"column":41}},"53":{"start":{"line":147,"column":12},"end":{"line":147,"column":45}},"54":{"start":{"line":148,"column":12},"end":{"line":148,"column":36}},"55":{"start":{"line":149,"column":12},"end":{"line":149,"column":40}},"56":{"start":{"line":153,"column":44},"end":{"line":153,"column":65}},"57":{"start":{"line":154,"column":32},"end":{"line":154,"column":42}},"58":{"start":{"line":155,"column":32},"end":{"line":155,"column":46}},"59":{"start":{"line":156,"column":37},"end":{"line":156,"column":52}},"60":{"start":{"line":157,"column":34},"end":{"line":157,"column":54}},"61":{"start":{"line":158,"column":37},"end":{"line":158,"column":60}},"62":{"start":{"line":162,"column":120},"end":{"line":162,"column":139}}},"fnMap":{"0":{"name":"(anonymous_0)","decl":{"start":{"line":13,"column":4},"end":{"line":13,"column":5}},"loc":{"start":{"line":13,"column":56},"end":{"line":16,"column":5}},"line":13},"1":{"name":"(anonymous_1)","decl":{"start":{"line":21,"column":4},"end":{"line":21,"column":5}},"loc":{"start":{"line":21,"column":47},"end":{"line":24,"column":5}},"line":21},"2":{"name":"(anonymous_2)","decl":{"start":{"line":34,"column":4},"end":{"line":34,"column":5}},"loc":{"start":{"line":34,"column":44},"end":{"line":37,"column":5}},"line":34},"3":{"name":"(anonymous_3)","decl":{"start":{"line":69,"column":19},"end":{"line":69,"column":20}},"loc":{"start":{"line":69,"column":32},"end":{"line":151,"column":5}},"line":69},"4":{"name":"(anonymous_4)","decl":{"start":{"line":72,"column":37},"end":{"line":72,"column":38}},"loc":{"start":{"line":72,"column":48},"end":{"line":74,"column":9}},"line":72},"5":{"name":"(anonymous_5)","decl":{"start":{"line":75,"column":38},"end":{"line":75,"column":39}},"loc":{"start":{"line":75,"column":44},"end":{"line":77,"column":9}},"line":75},"6":{"name":"(anonymous_6)","decl":{"start":{"line":78,"column":39},"end":{"line":78,"column":40}},"loc":{"start":{"line":78,"column":50},"end":{"line":87,"column":9}},"line":78},"7":{"name":"(anonymous_7)","decl":{"start":{"line":89,"column":37},"end":{"line":89,"column":38}},"loc":{"start":{"line":89,"column":48},"end":{"line":91,"column":9}},"line":89},"8":{"name":"(anonymous_8)","decl":{"start":{"line":92,"column":38},"end":{"line":92,"column":39}},"loc":{"start":{"line":92,"column":49},"end":{"line":94,"column":9}},"line":92},"9":{"name":"(anonymous_9)","decl":{"start":{"line":95,"column":39},"end":{"line":95,"column":40}},"loc":{"start":{"line":95,"column":58},"end":{"line":101,"column":9}},"line":95},"10":{"name":"(anonymous_10)","decl":{"start":{"line":103,"column":36},"end":{"line":103,"column":37}},"loc":{"start":{"line":103,"column":47},"end":{"line":106,"column":9}},"line":103},"11":{"name":"(anonymous_11)","decl":{"start":{"line":107,"column":37},"end":{"line":107,"column":38}},"loc":{"start":{"line":107,"column":48},"end":{"line":110,"column":9}},"line":107},"12":{"name":"(anonymous_12)","decl":{"start":{"line":111,"column":38},"end":{"line":111,"column":39}},"loc":{"start":{"line":111,"column":57},"end":{"line":117,"column":9}},"line":111},"13":{"name":"(anonymous_13)","decl":{"start":{"line":119,"column":36},"end":{"line":119,"column":37}},"loc":{"start":{"line":119,"column":47},"end":{"line":122,"column":9}},"line":119},"14":{"name":"(anonymous_14)","decl":{"start":{"line":123,"column":37},"end":{"line":123,"column":38}},"loc":{"start":{"line":123,"column":56},"end":{"line":128,"column":9}},"line":123},"15":{"name":"(anonymous_15)","decl":{"start":{"line":129,"column":38},"end":{"line":129,"column":39}},"loc":{"start":{"line":129,"column":57},"end":{"line":135,"column":9}},"line":129},"16":{"name":"(anonymous_16)","decl":{"start":{"line":137,"column":39},"end":{"line":137,"column":40}},"loc":{"start":{"line":137,"column":50},"end":{"line":140,"column":9}},"line":137},"17":{"name":"(anonymous_17)","decl":{"start":{"line":141,"column":40},"end":{"line":141,"column":41}},"loc":{"start":{"line":141,"column":59},"end":{"line":145,"column":9}},"line":141},"18":{"name":"(anonymous_18)","decl":{"start":{"line":146,"column":41},"end":{"line":146,"column":42}},"loc":{"start":{"line":146,"column":60},"end":{"line":150,"column":9}},"line":146},"19":{"name":"(anonymous_19)","decl":{"start":{"line":153,"column":33},"end":{"line":153,"column":34}},"loc":{"start":{"line":153,"column":44},"end":{"line":153,"column":65}},"line":153},"20":{"name":"(anonymous_20)","decl":{"start":{"line":154,"column":21},"end":{"line":154,"column":22}},"loc":{"start":{"line":154,"column":32},"end":{"line":154,"column":42}},"line":154},"21":{"name":"(anonymous_21)","decl":{"start":{"line":155,"column":21},"end":{"line":155,"column":22}},"loc":{"start":{"line":155,"column":32},"end":{"line":155,"column":46}},"line":155},"22":{"name":"(anonymous_22)","decl":{"start":{"line":156,"column":26},"end":{"line":156,"column":27}},"loc":{"start":{"line":156,"column":37},"end":{"line":156,"column":52}},"line":156},"23":{"name":"(anonymous_23)","decl":{"start":{"line":157,"column":23},"end":{"line":157,"column":24}},"loc":{"start":{"line":157,"column":34},"end":{"line":157,"column":54}},"line":157},"24":{"name":"(anonymous_24)","decl":{"start":{"line":158,"column":26},"end":{"line":158,"column":27}},"loc":{"start":{"line":158,"column":37},"end":{"line":158,"column":60}},"line":158}},"branchMap":{},"s":{"0":1,"1":1,"2":0,"3":0,"4":1,"5":0,"6":0,"7":1,"8":1,"9":0,"10":0,"11":1,"12":1,"13":1,"14":1,"15":0,"16":1,"17":1,"18":1,"19":1,"20":1,"21":1,"22":0,"23":1,"24":1,"25":1,"26":1,"27":1,"28":1,"29":1,"30":0,"31":0,"32":1,"33":1,"34":1,"35":1,"36":1,"37":1,"38":1,"39":0,"40":0,"41":0,"42":0,"43":1,"44":1,"45":1,"46":1,"47":1,"48":1,"49":1,"50":0,"51":0,"52":0,"53":1,"54":1,"55":1,"56":0,"57":0,"58":0,"59":0,"60":0,"61":0,"62":1},"f":{"0":0,"1":0,"2":0,"3":1,"4":1,"5":0,"6":1,"7":1,"8":0,"9":1,"10":1,"11":0,"12":1,"13":1,"14":0,"15":1,"16":1,"17":0,"18":1,"19":0,"20":0,"21":0,"22":0,"23":0,"24":0},"b":{},"_coverageSchema":"1a1c01bbd47fc00a2c39e90264f33305004495a9","hash":"1a4a34dfd722f0ada5cfbdf1ed1ab1bfd750e4a2"}
,"D:\\study\\project\\stellar-burgers\\src\\utils\\burger-api.ts": {"path":"D:\\study\\project\\stellar-burgers\\src\\utils\\burger-api.ts","statementMap":{"0":{"start":{"line":4,"column":12},"end":{"line":4,"column":38}},"1":{"start":{"line":6,"column":22},"end":{"line":7,"column":69}},"2":{"start":{"line":7,"column":2},"end":{"line":7,"column":69}},"3":{"start":{"line":7,"column":49},"end":{"line":7,"column":68}},"4":{"start":{"line":18,"column":28},"end":{"line":36,"column":6}},"5":{"start":{"line":19,"column":2},"end":{"line":36,"column":6}},"6":{"start":{"line":28,"column":19},"end":{"line":28,"column":55}},"7":{"start":{"line":30,"column":6},"end":{"line":32,"column":7}},"8":{"start":{"line":31,"column":8},"end":{"line":31,"column":43}},"9":{"start":{"line":33,"column":6},"end":{"line":33,"column":69}},"10":{"start":{"line":34,"column":6},"end":{"line":34,"column":56}},"11":{"start":{"line":35,"column":6},"end":{"line":35,"column":25}},"12":{"start":{"line":38,"column":32},"end":{"line":58,"column":1}},"13":{"start":{"line":42,"column":2},"end":{"line":57,"column":3}},"14":{"start":{"line":43,"column":16},"end":{"line":43,"column":41}},"15":{"start":{"line":44,"column":4},"end":{"line":44,"column":39}},"16":{"start":{"line":46,"column":4},"end":{"line":56,"column":5}},"17":{"start":{"line":47,"column":26},"end":{"line":47,"column":46}},"18":{"start":{"line":48,"column":6},"end":{"line":51,"column":7}},"19":{"start":{"line":49,"column":8},"end":{"line":50,"column":34}},"20":{"start":{"line":52,"column":18},"end":{"line":52,"column":43}},"21":{"start":{"line":53,"column":6},"end":{"line":53,"column":41}},"22":{"start":{"line":55,"column":6},"end":{"line":55,"column":33}},"23":{"start":{"line":74,"column":33},"end":{"line":80,"column":6}},"24":{"start":{"line":75,"column":2},"end":{"line":80,"column":6}},"25":{"start":{"line":76,"column":19},"end":{"line":76,"column":59}},"26":{"start":{"line":78,"column":6},"end":{"line":78,"column":42}},"27":{"start":{"line":78,"column":25},"end":{"line":78,"column":42}},"28":{"start":{"line":79,"column":6},"end":{"line":79,"column":34}},"29":{"start":{"line":82,"column":27},"end":{"line":88,"column":6}},"30":{"start":{"line":83,"column":2},"end":{"line":88,"column":6}},"31":{"start":{"line":84,"column":19},"end":{"line":84,"column":53}},"32":{"start":{"line":86,"column":6},"end":{"line":86,"column":37}},"33":{"start":{"line":86,"column":25},"end":{"line":86,"column":37}},"34":{"start":{"line":87,"column":6},"end":{"line":87,"column":34}},"35":{"start":{"line":90,"column":28},"end":{"line":100,"column":4}},"36":{"start":{"line":91,"column":2},"end":{"line":100,"column":4}},"37":{"start":{"line":98,"column":4},"end":{"line":98,"column":42}},"38":{"start":{"line":98,"column":23},"end":{"line":98,"column":42}},"39":{"start":{"line":99,"column":4},"end":{"line":99,"column":32}},"40":{"start":{"line":107,"column":30},"end":{"line":120,"column":4}},"41":{"start":{"line":108,"column":2},"end":{"line":120,"column":4}},"42":{"start":{"line":118,"column":4},"end":{"line":118,"column":35}},"43":{"start":{"line":118,"column":23},"end":{"line":118,"column":35}},"44":{"start":{"line":119,"column":4},"end":{"line":119,"column":32}},"45":{"start":{"line":126,"column":35},"end":{"line":132,"column":54}},"46":{"start":{"line":127,"column":2},"end":{"line":132,"column":54}},"47":{"start":{"line":132,"column":19},"end":{"line":132,"column":53}},"48":{"start":{"line":146,"column":31},"end":{"line":158,"column":6}},"49":{"start":{"line":147,"column":2},"end":{"line":158,"column":6}},"50":{"start":{"line":154,"column":19},"end":{"line":154,"column":52}},"51":{"start":{"line":156,"column":6},"end":{"line":156,"column":37}},"52":{"start":{"line":156,"column":25},"end":{"line":156,"column":37}},"53":{"start":{"line":157,"column":6},"end":{"line":157,"column":34}},"54":{"start":{"line":165,"column":28},"end":{"line":177,"column":6}},"55":{"start":{"line":166,"column":2},"end":{"line":177,"column":6}},"56":{"start":{"line":173,"column":19},"end":{"line":173,"column":52}},"57":{"start":{"line":175,"column":6},"end":{"line":175,"column":37}},"58":{"start":{"line":175,"column":25},"end":{"line":175,"column":37}},"59":{"start":{"line":176,"column":6},"end":{"line":176,"column":34}},"60":{"start":{"line":179,"column":33},"end":{"line":191,"column":6}},"61":{"start":{"line":180,"column":2},"end":{"line":191,"column":6}},"62":{"start":{"line":187,"column":19},"end":{"line":187,"column":58}},"63":{"start":{"line":189,"column":6},"end":{"line":189,"column":37}},"64":{"start":{"line":189,"column":25},"end":{"line":189,"column":37}},"65":{"start":{"line":190,"column":6},"end":{"line":190,"column":34}},"66":{"start":{"line":193,"column":32},"end":{"line":205,"column":6}},"67":{"start":{"line":194,"column":2},"end":{"line":205,"column":6}},"68":{"start":{"line":201,"column":19},"end":{"line":201,"column":58}},"69":{"start":{"line":203,"column":6},"end":{"line":203,"column":37}},"70":{"start":{"line":203,"column":25},"end":{"line":203,"column":37}},"71":{"start":{"line":204,"column":6},"end":{"line":204,"column":34}},"72":{"start":{"line":209,"column":26},"end":{"line":214,"column":4}},"73":{"start":{"line":210,"column":2},"end":{"line":214,"column":4}},"74":{"start":{"line":216,"column":29},"end":{"line":224,"column":4}},"75":{"start":{"line":217,"column":2},"end":{"line":224,"column":4}},"76":{"start":{"line":226,"column":25},"end":{"line":235,"column":59}},"77":{"start":{"line":227,"column":2},"end":{"line":235,"column":59}},"78":{"start":{"line":235,"column":19},"end":{"line":235,"column":58}}},"fnMap":{"0":{"name":"(anonymous_0)","decl":{"start":{"line":6,"column":22},"end":{"line":6,"column":23}},"loc":{"start":{"line":7,"column":2},"end":{"line":7,"column":69}},"line":7},"1":{"name":"(anonymous_1)","decl":{"start":{"line":7,"column":40},"end":{"line":7,"column":41}},"loc":{"start":{"line":7,"column":49},"end":{"line":7,"column":68}},"line":7},"2":{"name":"(anonymous_2)","decl":{"start":{"line":18,"column":28},"end":{"line":18,"column":29}},"loc":{"start":{"line":19,"column":2},"end":{"line":36,"column":6}},"line":19},"3":{"name":"(anonymous_3)","decl":{"start":{"line":28,"column":10},"end":{"line":28,"column":11}},"loc":{"start":{"line":28,"column":19},"end":{"line":28,"column":55}},"line":28},"4":{"name":"(anonymous_4)","decl":{"start":{"line":29,"column":10},"end":{"line":29,"column":11}},"loc":{"start":{"line":29,"column":27},"end":{"line":36,"column":5}},"line":29},"5":{"name":"(anonymous_5)","decl":{"start":{"line":38,"column":32},"end":{"line":38,"column":33}},"loc":{"start":{"line":41,"column":5},"end":{"line":58,"column":1}},"line":41},"6":{"name":"(anonymous_6)","decl":{"start":{"line":74,"column":33},"end":{"line":74,"column":34}},"loc":{"start":{"line":75,"column":2},"end":{"line":80,"column":6}},"line":75},"7":{"name":"(anonymous_7)","decl":{"start":{"line":76,"column":10},"end":{"line":76,"column":11}},"loc":{"start":{"line":76,"column":19},"end":{"line":76,"column":59}},"line":76},"8":{"name":"(anonymous_8)","decl":{"start":{"line":77,"column":10},"end":{"line":77,"column":11}},"loc":{"start":{"line":77,"column":20},"end":{"line":80,"column":5}},"line":77},"9":{"name":"(anonymous_9)","decl":{"start":{"line":82,"column":27},"end":{"line":82,"column":28}},"loc":{"start":{"line":83,"column":2},"end":{"line":88,"column":6}},"line":83},"10":{"name":"(anonymous_10)","decl":{"start":{"line":84,"column":10},"end":{"line":84,"column":11}},"loc":{"start":{"line":84,"column":19},"end":{"line":84,"column":53}},"line":84},"11":{"name":"(anonymous_11)","decl":{"start":{"line":85,"column":10},"end":{"line":85,"column":11}},"loc":{"start":{"line":85,"column":20},"end":{"line":88,"column":5}},"line":85},"12":{"name":"(anonymous_12)","decl":{"start":{"line":90,"column":28},"end":{"line":90,"column":29}},"loc":{"start":{"line":91,"column":2},"end":{"line":100,"column":4}},"line":91},"13":{"name":"(anonymous_13)","decl":{"start":{"line":97,"column":10},"end":{"line":97,"column":11}},"loc":{"start":{"line":97,"column":20},"end":{"line":100,"column":3}},"line":97},"14":{"name":"(anonymous_14)","decl":{"start":{"line":107,"column":30},"end":{"line":107,"column":31}},"loc":{"start":{"line":108,"column":2},"end":{"line":120,"column":4}},"line":108},"15":{"name":"(anonymous_15)","decl":{"start":{"line":117,"column":10},"end":{"line":117,"column":11}},"loc":{"start":{"line":117,"column":20},"end":{"line":120,"column":3}},"line":117},"16":{"name":"(anonymous_16)","decl":{"start":{"line":126,"column":35},"end":{"line":126,"column":36}},"loc":{"start":{"line":127,"column":2},"end":{"line":132,"column":54}},"line":127},"17":{"name":"(anonymous_17)","decl":{"start":{"line":132,"column":10},"end":{"line":132,"column":11}},"loc":{"start":{"line":132,"column":19},"end":{"line":132,"column":53}},"line":132},"18":{"name":"(anonymous_18)","decl":{"start":{"line":146,"column":31},"end":{"line":146,"column":32}},"loc":{"start":{"line":147,"column":2},"end":{"line":158,"column":6}},"line":147},"19":{"name":"(anonymous_19)","decl":{"start":{"line":154,"column":10},"end":{"line":154,"column":11}},"loc":{"start":{"line":154,"column":19},"end":{"line":154,"column":52}},"line":154},"20":{"name":"(anonymous_20)","decl":{"start":{"line":155,"column":10},"end":{"line":155,"column":11}},"loc":{"start":{"line":155,"column":20},"end":{"line":158,"column":5}},"line":155},"21":{"name":"(anonymous_21)","decl":{"start":{"line":165,"column":28},"end":{"line":165,"column":29}},"loc":{"start":{"line":166,"column":2},"end":{"line":177,"column":6}},"line":166},"22":{"name":"(anonymous_22)","decl":{"start":{"line":173,"column":10},"end":{"line":173,"column":11}},"loc":{"start":{"line":173,"column":19},"end":{"line":173,"column":52}},"line":173},"23":{"name":"(anonymous_23)","decl":{"start":{"line":174,"column":10},"end":{"line":174,"column":11}},"loc":{"start":{"line":174,"column":20},"end":{"line":177,"column":5}},"line":174},"24":{"name":"(anonymous_24)","decl":{"start":{"line":179,"column":33},"end":{"line":179,"column":34}},"loc":{"start":{"line":180,"column":2},"end":{"line":191,"column":6}},"line":180},"25":{"name":"(anonymous_25)","decl":{"start":{"line":187,"column":10},"end":{"line":187,"column":11}},"loc":{"start":{"line":187,"column":19},"end":{"line":187,"column":58}},"line":187},"26":{"name":"(anonymous_26)","decl":{"start":{"line":188,"column":10},"end":{"line":188,"column":11}},"loc":{"start":{"line":188,"column":20},"end":{"line":191,"column":5}},"line":188},"27":{"name":"(anonymous_27)","decl":{"start":{"line":193,"column":32},"end":{"line":193,"column":33}},"loc":{"start":{"line":194,"column":2},"end":{"line":205,"column":6}},"line":194},"28":{"name":"(anonymous_28)","decl":{"start":{"line":201,"column":10},"end":{"line":201,"column":11}},"loc":{"start":{"line":201,"column":19},"end":{"line":201,"column":58}},"line":201},"29":{"name":"(anonymous_29)","decl":{"start":{"line":202,"column":10},"end":{"line":202,"column":11}},"loc":{"start":{"line":202,"column":20},"end":{"line":205,"column":5}},"line":202},"30":{"name":"(anonymous_30)","decl":{"start":{"line":209,"column":26},"end":{"line":209,"column":27}},"loc":{"start":{"line":210,"column":2},"end":{"line":214,"column":4}},"line":210},"31":{"name":"(anonymous_31)","decl":{"start":{"line":216,"column":29},"end":{"line":216,"column":30}},"loc":{"start":{"line":217,"column":2},"end":{"line":224,"column":4}},"line":217},"32":{"name":"(anonymous_32)","decl":{"start":{"line":226,"column":25},"end":{"line":226,"column":26}},"loc":{"start":{"line":227,"column":2},"end":{"line":235,"column":59}},"line":227},"33":{"name":"(anonymous_33)","decl":{"start":{"line":235,"column":10},"end":{"line":235,"column":11}},"loc":{"start":{"line":235,"column":19},"end":{"line":235,"column":58}},"line":235}},"branchMap":{"0":{"loc":{"start":{"line":7,"column":2},"end":{"line":7,"column":69}},"type":"cond-expr","locations":[{"start":{"line":7,"column":11},"end":{"line":7,"column":21}},{"start":{"line":7,"column":24},"end":{"line":7,"column":69}}],"line":7},"1":{"loc":{"start":{"line":30,"column":6},"end":{"line":32,"column":7}},"type":"if","locations":[{"start":{"line":30,"column":6},"end":{"line":32,"column":7}},{"start":{},"end":{}}],"line":30},"2":{"loc":{"start":{"line":46,"column":4},"end":{"line":56,"column":5}},"type":"if","locations":[{"start":{"line":46,"column":4},"end":{"line":56,"column":5}},{"start":{"line":54,"column":11},"end":{"line":56,"column":5}}],"line":46},"3":{"loc":{"start":{"line":48,"column":6},"end":{"line":51,"column":7}},"type":"if","locations":[{"start":{"line":48,"column":6},"end":{"line":51,"column":7}},{"start":{},"end":{}}],"line":48},"4":{"loc":{"start":{"line":78,"column":6},"end":{"line":78,"column":42}},"type":"if","locations":[{"start":{"line":78,"column":6},"end":{"line":78,"column":42}},{"start":{},"end":{}}],"line":78},"5":{"loc":{"start":{"line":86,"column":6},"end":{"line":86,"column":37}},"type":"if","locations":[{"start":{"line":86,"column":6},"end":{"line":86,"column":37}},{"start":{},"end":{}}],"line":86},"6":{"loc":{"start":{"line":98,"column":4},"end":{"line":98,"column":42}},"type":"if","locations":[{"start":{"line":98,"column":4},"end":{"line":98,"column":42}},{"start":{},"end":{}}],"line":98},"7":{"loc":{"start":{"line":118,"column":4},"end":{"line":118,"column":35}},"type":"if","locations":[{"start":{"line":118,"column":4},"end":{"line":118,"column":35}},{"start":{},"end":{}}],"line":118},"8":{"loc":{"start":{"line":156,"column":6},"end":{"line":156,"column":37}},"type":"if","locations":[{"start":{"line":156,"column":6},"end":{"line":156,"column":37}},{"start":{},"end":{}}],"line":156},"9":{"loc":{"start":{"line":175,"column":6},"end":{"line":175,"column":37}},"type":"if","locations":[{"start":{"line":175,"column":6},"end":{"line":175,"column":37}},{"start":{},"end":{}}],"line":175},"10":{"loc":{"start":{"line":189,"column":6},"end":{"line":189,"column":37}},"type":"if","locations":[{"start":{"line":189,"column":6},"end":{"line":189,"column":37}},{"start":{},"end":{}}],"line":189},"11":{"loc":{"start":{"line":203,"column":6},"end":{"line":203,"column":37}},"type":"if","locations":[{"start":{"line":203,"column":6},"end":{"line":203,"column":37}},{"start":{},"end":{}}],"line":203}},"s":{"0":3,"1":3,"2":0,"3":0,"4":3,"5":0,"6":0,"7":0,"8":0,"9":0,"10":0,"11":0,"12":3,"13":0,"14":0,"15":0,"16":0,"17":0,"18":0,"19":0,"20":0,"21":0,"22":0,"23":3,"24":0,"25":0,"26":0,"27":0,"28":0,"29":3,"30":0,"31":0,"32":0,"33":0,"34":0,"35":3,"36":0,"37":0,"38":0,"39":0,"40":3,"41":0,"42":0,"43":0,"44":0,"45":3,"46":0,"47":0,"48":3,"49":0,"50":0,"51":0,"52":0,"53":0,"54":3,"55":0,"56":0,"57":0,"58":0,"59":0,"60":3,"61":0,"62":0,"63":0,"64":0,"65":0,"66":3,"67":0,"68":0,"69":0,"70":0,"71":0,"72":3,"73":0,"74":3,"75":0,"76":3,"77":0,"78":0},"f":{"0":0,"1":0,"2":0,"3":0,"4":0,"5":0,"6":0,"7":0,"8":0,"9":0,"10":0,"11":0,"12":0,"13":0,"14":0,"15":0,"16":0,"17":0,"18":0,"19":0,"20":0,"21":0,"22":0,"23":0,"24":0,"25":0,"26":0,"27":0,"28":0,"29":0,"30":0,"31":0,"32":0,"33":0},"b":{"0":[0,0],"1":[0,0],"2":[0,0],"3":[0,0],"4":[0,0],"5":[0,0],"6":[0,0],"7":[0,0],"8":[0,0],"9":[0,0],"10":[0,0],"11":[0,0]},"_coverageSchema":"1a1c01bbd47fc00a2c39e90264f33305004495a9","hash":"85f3e1d1400cc163f17021fcad1a31d67348a3e7"}
,"D:\\study\\project\\stellar-burgers\\src\\utils\\cookie.ts": {"path":"D:\\study\\project\\stellar-burgers\\src\\utils\\cookie.ts","statementMap":{"0":{"start":{"line":2,"column":18},"end":{"line":9,"column":3}},"1":{"start":{"line":10,"column":2},"end":{"line":10,"column":62}},"2":{"start":{"line":18,"column":2},"end":{"line":21,"column":4}},"3":{"start":{"line":23,"column":12},"end":{"line":23,"column":25}},"4":{"start":{"line":24,"column":2},"end":{"line":28,"column":3}},"5":{"start":{"line":25,"column":14},"end":{"line":25,"column":24}},"6":{"start":{"line":26,"column":4},"end":{"line":26,"column":40}},"7":{"start":{"line":27,"column":4},"end":{"line":27,"column":28}},"8":{"start":{"line":30,"column":2},"end":{"line":32,"column":3}},"9":{"start":{"line":31,"column":4},"end":{"line":31,"column":38}},"10":{"start":{"line":33,"column":2},"end":{"line":33,"column":36}},"11":{"start":{"line":34,"column":22},"end":{"line":34,"column":40}},"12":{"start":{"line":35,"column":2},"end":{"line":41,"column":3}},"13":{"start":{"line":36,"column":4},"end":{"line":36,"column":37}},"14":{"start":{"line":37,"column":22},"end":{"line":37,"column":37}},"15":{"start":{"line":38,"column":4},"end":{"line":40,"column":5}},"16":{"start":{"line":39,"column":6},"end":{"line":39,"column":39}},"17":{"start":{"line":42,"column":2},"end":{"line":42,"column":34}},"18":{"start":{"line":46,"column":2},"end":{"line":46,"column":39}}},"fnMap":{"0":{"name":"getCookie","decl":{"start":{"line":1,"column":16},"end":{"line":1,"column":25}},"loc":{"start":{"line":1,"column":60},"end":{"line":11,"column":1}},"line":1},"1":{"name":"setCookie","decl":{"start":{"line":13,"column":16},"end":{"line":13,"column":25}},"loc":{"start":{"line":17,"column":2},"end":{"line":43,"column":1}},"line":17},"2":{"name":"deleteCookie","decl":{"start":{"line":45,"column":16},"end":{"line":45,"column":28}},"loc":{"start":{"line":45,"column":43},"end":{"line":47,"column":1}},"line":45}},"branchMap":{"0":{"loc":{"start":{"line":10,"column":9},"end":{"line":10,"column":61}},"type":"cond-expr","locations":[{"start":{"line":10,"column":19},"end":{"line":10,"column":49}},{"start":{"line":10,"column":52},"end":{"line":10,"column":61}}],"line":10},"1":{"loc":{"start":{"line":16,"column":2},"end":{"line":16,"column":65}},"type":"default-arg","locations":[{"start":{"line":16,"column":63},"end":{"line":16,"column":65}}],"line":16},"2":{"loc":{"start":{"line":24,"column":2},"end":{"line":28,"column":3}},"type":"if","locations":[{"start":{"line":24,"column":2},"end":{"line":28,"column":3}},{"start":{},"end":{}}],"line":24},"3":{"loc":{"start":{"line":24,"column":6},"end":{"line":24,"column":36}},"type":"binary-expr","locations":[{"start":{"line":24,"column":6},"end":{"line":24,"column":9}},{"start":{"line":24,"column":13},"end":{"line":24,"column":36}}],"line":24},"4":{"loc":{"start":{"line":30,"column":2},"end":{"line":32,"column":3}},"type":"if","locations":[{"start":{"line":30,"column":2},"end":{"line":32,"column":3}},{"start":{},"end":{}}],"line":30},"5":{"loc":{"start":{"line":30,"column":6},"end":{"line":30,"column":32}},"type":"binary-expr","locations":[{"start":{"line":30,"column":6},"end":{"line":30,"column":9}},{"start":{"line":30,"column":13},"end":{"line":30,"column":32}}],"line":30},"6":{"loc":{"start":{"line":38,"column":4},"end":{"line":40,"column":5}},"type":"if","locations":[{"start":{"line":38,"column":4},"end":{"line":40,"column":5}},{"start":{},"end":{}}],"line":38}},"s":{"0":0,"1":0,"2":2,"3":2,"4":2,"5":1,"6":1,"7":1,"8":2,"9":1,"10":2,"11":2,"12":2,"13":3,"14":3,"15":3,"16":3,"17":2,"18":1},"f":{"0":0,"1":2,"2":1},"b":{"0":[0,0],"1":[1],"2":[1,1],"3":[2,1],"4":[1,1],"5":[2,1],"6":[3,0]},"_coverageSchema":"1a1c01bbd47fc00a2c39e90264f33305004495a9","hash":"f989b697ffdfc23be972920cd0f8b333421c8fc3"}
}
